<?xml version="1.0" encoding="UTF-8"?>
<!-- Generated by org.testng.reporters.JUnitXMLReporter -->
<testsuite ignored="0" hostname="VincentField" failures="0" tests="10" name="Surefire test" time="14.1" errors="0" timestamp="2024-04-26T14:51:07 BRT">
  <testcase classname="api.test.DDTests" name="testPostuser" time="2.716"/>
  <testcase classname="api.test.DDTests" name="testPostuser" time="0.874"/>
  <testcase classname="api.test.DDTests" name="testPostuser" time="0.902"/>
  <testcase classname="api.test.DDTests" name="testDeleteUserByName" time="0.911"/>
  <testcase classname="api.test.DDTests" name="testDeleteUserByName" time="0.896"/>
  <testcase classname="api.test.DDTests" name="testDeleteUserByName" time="0.887"/>
  <testcase classname="api.test.UserTests" name="testPostUser" time="1.104"/>
  <testcase classname="api.test.UserTests" name="testGetUserByName" time="1.028"/>
  <testcase classname="api.test.UserTests" name="testDeleteUser" time="0.872"/>
  <testcase classname="api.test.UserTests" name="testUpdateUser" time="1.933"/>
</testsuite> <!-- Surefire test -->
