<?xml version="1.0" encoding="UTF-8"?>
<!-- Generated by org.testng.reporters.JUnitXMLReporter -->
<testsuite ignored="0" hostname="VincentField" failures="0" tests="4" name="Default test" time="8.306" errors="0" timestamp="2024-04-26T12:26:54 BRT">
  <testcase classname="api.test.UserTests" name="testPostUser" time="3.271"/>
  <testcase classname="api.test.UserTests" name="testGetUserByName" time="1.068"/>
  <testcase classname="api.test.UserTests" name="testDeleteUser" time="0.897"/>
  <testcase classname="api.test.UserTests" name="testUpdateUser" time="1.883"/>
</testsuite> <!-- Default test -->
