<?xml version="1.0" encoding="UTF-8"?>
<testng-results ignored="0" total="10" passed="10" failed="0" skipped="0">
  <reporter-output>
  </reporter-output>
  <suite started-at="2024-04-26T14:50:53 BRT" name="Surefire suite" finished-at="2024-04-26T14:51:07 BRT" duration-ms="14100">
    <groups>
    </groups>
    <test started-at="2024-04-26T14:50:53 BRT" name="Surefire test" finished-at="2024-04-26T14:51:07 BRT" duration-ms="14100">
      <class name="api.test.UserTests">
        <test-method is-config="true" signature="setup()[pri:0, instance:api.test.UserTests@4ac3c60d]" started-at="2024-04-26T14:51:02 BRT" name="setup" finished-at="2024-04-26T14:51:02 BRT" duration-ms="169" status="PASS">
          <reporter-output>
          </reporter-output>
        </test-method> <!-- setup -->
        <test-method signature="testPostUser()[pri:1, instance:api.test.UserTests@4ac3c60d]" started-at="2024-04-26T14:51:02 BRT" name="testPostUser" finished-at="2024-04-26T14:51:03 BRT" duration-ms="1104" status="PASS">
          <reporter-output>
          </reporter-output>
        </test-method> <!-- testPostUser -->
        <test-method signature="testGetUserByName()[pri:2, instance:api.test.UserTests@4ac3c60d]" started-at="2024-04-26T14:51:03 BRT" name="testGetUserByName" finished-at="2024-04-26T14:51:04 BRT" duration-ms="1028" status="PASS">
          <reporter-output>
          </reporter-output>
        </test-method> <!-- testGetUserByName -->
        <test-method signature="testDeleteUser()[pri:3, instance:api.test.UserTests@4ac3c60d]" started-at="2024-04-26T14:51:04 BRT" name="testDeleteUser" finished-at="2024-04-26T14:51:05 BRT" duration-ms="872" status="PASS">
          <reporter-output>
          </reporter-output>
        </test-method> <!-- testDeleteUser -->
        <test-method signature="testUpdateUser()[pri:3, instance:api.test.UserTests@4ac3c60d]" started-at="2024-04-26T14:51:05 BRT" name="testUpdateUser" finished-at="2024-04-26T14:51:07 BRT" duration-ms="1933" status="PASS">
          <reporter-output>
          </reporter-output>
        </test-method> <!-- testUpdateUser -->
      </class> <!-- api.test.UserTests -->
      <class name="api.test.DDTests">
        <test-method signature="testPostuser(java.lang.String,java.lang.String,java.lang.String,java.lang.String,java.lang.String,java.lang.String,java.lang.String)[pri:1, instance:api.test.DDTests@6fe7aac8]" started-at="2024-04-26T14:50:54 BRT" name="testPostuser" data-provider="Data" finished-at="2024-04-26T14:50:57 BRT" duration-ms="2716" status="PASS">
          <params>
            <param index="0">
              <value>
                <![CDATA[1010]]>
              </value>
            </param>
            <param index="1">
              <value>
                <![CDATA[testUser1]]>
              </value>
            </param>
            <param index="2">
              <value>
                <![CDATA[John]]>
              </value>
            </param>
            <param index="3">
              <value>
                <![CDATA[Brady]]>
              </value>
            </param>
            <param index="4">
              <value>
                <![CDATA[johnbrady@email.com]]>
              </value>
            </param>
            <param index="5">
              <value>
                <![CDATA[test@1]]>
              </value>
            </param>
            <param index="6">
              <value>
                <![CDATA[1234567890]]>
              </value>
            </param>
          </params>
          <reporter-output>
          </reporter-output>
        </test-method> <!-- testPostuser -->
        <test-method signature="testPostuser(java.lang.String,java.lang.String,java.lang.String,java.lang.String,java.lang.String,java.lang.String,java.lang.String)[pri:1, instance:api.test.DDTests@6fe7aac8]" started-at="2024-04-26T14:50:57 BRT" name="testPostuser" data-provider="Data" finished-at="2024-04-26T14:50:58 BRT" duration-ms="874" status="PASS">
          <params>
            <param index="0">
              <value>
                <![CDATA[1020]]>
              </value>
            </param>
            <param index="1">
              <value>
                <![CDATA[testUser2]]>
              </value>
            </param>
            <param index="2">
              <value>
                <![CDATA[Mary]]>
              </value>
            </param>
            <param index="3">
              <value>
                <![CDATA[Calahan]]>
              </value>
            </param>
            <param index="4">
              <value>
                <![CDATA[marycalahan@email.com]]>
              </value>
            </param>
            <param index="5">
              <value>
                <![CDATA[test@2]]>
              </value>
            </param>
            <param index="6">
              <value>
                <![CDATA[1234512345]]>
              </value>
            </param>
          </params>
          <reporter-output>
          </reporter-output>
        </test-method> <!-- testPostuser -->
        <test-method signature="testPostuser(java.lang.String,java.lang.String,java.lang.String,java.lang.String,java.lang.String,java.lang.String,java.lang.String)[pri:1, instance:api.test.DDTests@6fe7aac8]" started-at="2024-04-26T14:50:58 BRT" name="testPostuser" data-provider="Data" finished-at="2024-04-26T14:50:59 BRT" duration-ms="902" status="PASS">
          <params>
            <param index="0">
              <value>
                <![CDATA[1030]]>
              </value>
            </param>
            <param index="1">
              <value>
                <![CDATA[testUser3]]>
              </value>
            </param>
            <param index="2">
              <value>
                <![CDATA[Hans]]>
              </value>
            </param>
            <param index="3">
              <value>
                <![CDATA[Frieman]]>
              </value>
            </param>
            <param index="4">
              <value>
                <![CDATA[hansfrieman@email.com]]>
              </value>
            </param>
            <param index="5">
              <value>
                <![CDATA[test@3]]>
              </value>
            </param>
            <param index="6">
              <value>
                <![CDATA[5432154321]]>
              </value>
            </param>
          </params>
          <reporter-output>
          </reporter-output>
        </test-method> <!-- testPostuser -->
        <test-method signature="testDeleteUserByName(java.lang.String)[pri:2, instance:api.test.DDTests@6fe7aac8]" started-at="2024-04-26T14:50:59 BRT" name="testDeleteUserByName" data-provider="UserNames" finished-at="2024-04-26T14:51:00 BRT" duration-ms="911" status="PASS">
          <params>
            <param index="0">
              <value>
                <![CDATA[testUser1]]>
              </value>
            </param>
          </params>
          <reporter-output>
          </reporter-output>
        </test-method> <!-- testDeleteUserByName -->
        <test-method signature="testDeleteUserByName(java.lang.String)[pri:2, instance:api.test.DDTests@6fe7aac8]" started-at="2024-04-26T14:51:00 BRT" name="testDeleteUserByName" data-provider="UserNames" finished-at="2024-04-26T14:51:01 BRT" duration-ms="896" status="PASS">
          <params>
            <param index="0">
              <value>
                <![CDATA[testUser2]]>
              </value>
            </param>
          </params>
          <reporter-output>
          </reporter-output>
        </test-method> <!-- testDeleteUserByName -->
        <test-method signature="testDeleteUserByName(java.lang.String)[pri:2, instance:api.test.DDTests@6fe7aac8]" started-at="2024-04-26T14:51:01 BRT" name="testDeleteUserByName" data-provider="UserNames" finished-at="2024-04-26T14:51:02 BRT" duration-ms="887" status="PASS">
          <params>
            <param index="0">
              <value>
                <![CDATA[testUser3]]>
              </value>
            </param>
          </params>
          <reporter-output>
          </reporter-output>
        </test-method> <!-- testDeleteUserByName -->
      </class> <!-- api.test.DDTests -->
    </test> <!-- Surefire test -->
  </suite> <!-- Surefire suite -->
</testng-results>
