<?xml version="1.0" encoding="UTF-8"?>
<testng-results ignored="0" total="4" passed="4" failed="0" skipped="0">
  <reporter-output>
  </reporter-output>
  <suite started-at="2024-04-26T12:44:39 BRT" name="PetSuite" finished-at="2024-04-26T12:44:48 BRT" duration-ms="8560">
    <groups>
    </groups>
    <test started-at="2024-04-26T12:44:39 BRT" name="PetTest" finished-at="2024-04-26T12:44:48 BRT" duration-ms="8560">
      <class name="api.test.UserTests">
        <test-method is-config="true" signature="setup()[pri:0, instance:api.test.UserTests@2cd76f31]" started-at="2024-04-26T12:44:39 BRT" name="setup" finished-at="2024-04-26T12:44:40 BRT" duration-ms="952" status="PASS">
          <reporter-output>
          </reporter-output>
        </test-method> <!-- setup -->
        <test-method signature="testPostUser()[pri:1, instance:api.test.UserTests@2cd76f31]" started-at="2024-04-26T12:44:40 BRT" name="testPostUser" finished-at="2024-04-26T12:44:44 BRT" duration-ms="3169" status="PASS">
          <reporter-output>
          </reporter-output>
        </test-method> <!-- testPostUser -->
        <test-method signature="testGetUserByName()[pri:2, instance:api.test.UserTests@2cd76f31]" started-at="2024-04-26T12:44:44 BRT" name="testGetUserByName" finished-at="2024-04-26T12:44:45 BRT" duration-ms="1077" status="PASS">
          <reporter-output>
          </reporter-output>
        </test-method> <!-- testGetUserByName -->
        <test-method signature="testDeleteUser()[pri:3, instance:api.test.UserTests@2cd76f31]" started-at="2024-04-26T12:44:45 BRT" name="testDeleteUser" finished-at="2024-04-26T12:44:46 BRT" duration-ms="1070" status="PASS">
          <reporter-output>
          </reporter-output>
        </test-method> <!-- testDeleteUser -->
        <test-method signature="testUpdateUser()[pri:3, instance:api.test.UserTests@2cd76f31]" started-at="2024-04-26T12:44:46 BRT" name="testUpdateUser" finished-at="2024-04-26T12:44:48 BRT" duration-ms="1955" status="PASS">
          <reporter-output>
          </reporter-output>
        </test-method> <!-- testUpdateUser -->
      </class> <!-- api.test.UserTests -->
    </test> <!-- PetTest -->
  </suite> <!-- PetSuite -->
</testng-results>
