<?xml version="1.0" encoding="UTF-8"?>
<!-- Generated by org.testng.reporters.JUnitXMLReporter -->
<testsuite ignored="0" hostname="VincentField" failures="0" tests="4" name="PetTest" time="8.56" errors="0" timestamp="2024-04-26T12:44:48 BRT">
  <testcase classname="api.test.UserTests" name="testPostUser" time="3.169"/>
  <testcase classname="api.test.UserTests" name="testGetUserByName" time="1.077"/>
  <testcase classname="api.test.UserTests" name="testDeleteUser" time="1.07"/>
  <testcase classname="api.test.UserTests" name="testUpdateUser" time="1.955"/>
</testsuite> <!-- PetTest -->
